<?xml version="1.0" encoding="UTF-8"?>
<!-- Generated by org.testng.reporters.JUnitReportReporter -->
<testsuite skipped="0" hostname="DESKTOP-CN3CBMR" name="pack1.Popularitemssize" tests="1" failures="0" timestamp="23 Nov 2020 03:15:18 GMT" time="20.760" errors="0">
  <testcase name="itemscount" time="20.760" classname="pack1.Popularitemssize"/>
</testsuite> <!-- pack1.Popularitemssize -->
