<?xml version="1.0" encoding="UTF-8"?>
<!-- Generated by org.testng.reporters.JUnitReportReporter -->
<testsuite skipped="0" hostname="DESKTOP-CN3CBMR" name="pack1.Popularitemstest" tests="3" failures="0" timestamp="01 Dec 2020 02:59:38 GMT" time="79.670" errors="0">
  <testcase name="laptop" time="23.423" classname="pack1.Popularitemstest"/>
  <testcase name="atablet" time="33.219" classname="pack1.Popularitemstest"/>
  <testcase name="spkr" time="23.028" classname="pack1.Popularitemstest"/>
</testsuite> <!-- pack1.Popularitemstest -->
